d:\용\my_study\my_study\output\debug\cby_gameproject\vc141.pdb
d:\용\my_study\my_study\output\debug\cby_gameproject\vc141.idb
d:\용\my_study\my_study\output\debug\cby_gameproject\towercoice.obj
d:\용\my_study\my_study\output\debug\cby_gameproject\towerposition.obj
d:\용\my_study\my_study\output\debug\cby_gameproject\cby_gamemain.obj
d:\용\my_study\my_study\output\debug\cby_gameproject\towerchar.obj
d:\용\my_study\my_study\output\debug\cby_gameproject\towerscope.obj
d:\용\my_study\my_study\output\debug\cby_gameproject\c_towerstate.obj
d:\용\my_study\my_study\output\debug\cby_gameproject\c_towerstandby.obj
d:\용\my_study\my_study\output\debug\cby_gameproject\c_towerfsm.obj
d:\용\my_study\my_study\output\debug\cby_gameproject\c_tower.obj
d:\용\my_study\my_study\output\debug\cby_gameproject\c_standby.obj
d:\용\my_study\my_study\output\debug\cby_gameproject\c_null.obj
d:\용\my_study\my_study\output\debug\cby_gameproject\c_move.obj
d:\용\my_study\my_study\output\debug\cby_gameproject\c_monsterstate.obj
d:\용\my_study\my_study\output\debug\cby_gameproject\c_monsterfsm.obj
d:\용\my_study\my_study\output\debug\cby_gameproject\c_monster.obj
d:\용\my_study\my_study\output\debug\cby_gameproject\c_levelup.obj
d:\용\my_study\my_study\output\debug\cby_gameproject\c_demolish.obj
d:\용\my_study\my_study\output\debug\cby_gameproject\c_death.obj
d:\용\my_study\my_study\output\debug\cby_gameproject\c_damage.obj
d:\용\my_study\my_study\output\debug\cby_gameproject\c_create.obj
d:\용\my_study\my_study\output\debug\cby_gameproject\c_attack.obj
d:\용\my_study\my_study\output\debug\cby_gameproject\c_make.obj
d:\용\my_study\my_study\output\debug\cby_gameproject.exe
d:\용\my_study\my_study\output\debug\cby_gameproject.ilk
d:\용\my_study\my_study\output\debug\cby_gameproject.pdb
d:\용\my_study\my_study\cby_projects\cby_gameproject\../../output/debug/cby_gameproject.exe
d:\용\my_study\my_study\output\debug\cby_gameproject\cby_gameproject.tlog\cl.command.1.tlog
d:\용\my_study\my_study\output\debug\cby_gameproject\cby_gameproject.tlog\cl.read.1.tlog
d:\용\my_study\my_study\output\debug\cby_gameproject\cby_gameproject.tlog\cl.write.1.tlog
d:\용\my_study\my_study\output\debug\cby_gameproject\cby_gameproject.tlog\link.command.1.tlog
d:\용\my_study\my_study\output\debug\cby_gameproject\cby_gameproject.tlog\link.read.1.tlog
d:\용\my_study\my_study\output\debug\cby_gameproject\cby_gameproject.tlog\link.write.1.tlog
