  main.cpp
c:\users\cby01\onedrive\desktop\c++\my_study\cby_projects\sample\main.cpp(38): error C2065: 'CBYBitMap': 선언되지 않은 식별자입니다.
c:\users\cby01\onedrive\desktop\c++\my_study\cby_projects\sample\main.cpp(38): error C2923: 'CBYNode': 'CBYBitMap'은(는) 'T' 매개 변수에 대한 올바른 템플릿 형식 인수가 아닙니다.
c:\users\cby01\onedrive\desktop\c++\my_study\cby_projects\sample\main.cpp(39): error C2065: 'CBYBitMap': 선언되지 않은 식별자입니다.
c:\users\cby01\onedrive\desktop\c++\my_study\cby_projects\sample\main.cpp(39): error C2923: 'CBYNode': 'CBYBitMap'은(는) 'T' 매개 변수에 대한 올바른 템플릿 형식 인수가 아닙니다.
c:\users\cby01\onedrive\desktop\c++\my_study\cby_projects\sample\main.cpp(40): error C2065: 'CBYBitMap': 선언되지 않은 식별자입니다.
c:\users\cby01\onedrive\desktop\c++\my_study\cby_projects\sample\main.cpp(40): error C2923: 'CBYNode': 'CBYBitMap'은(는) 'T' 매개 변수에 대한 올바른 템플릿 형식 인수가 아닙니다.
c:\users\cby01\onedrive\desktop\c++\my_study\cby_projects\sample\main.cpp(41): error C2065: 'CBYBitMap': 선언되지 않은 식별자입니다.
c:\users\cby01\onedrive\desktop\c++\my_study\cby_projects\sample\main.cpp(41): error C2923: 'CBYNode': 'CBYBitMap'은(는) 'T' 매개 변수에 대한 올바른 템플릿 형식 인수가 아닙니다.
c:\users\cby01\onedrive\desktop\c++\my_study\cby_projects\sample\main.cpp(42): error C2065: 'CBYBitMap': 선언되지 않은 식별자입니다.
c:\users\cby01\onedrive\desktop\c++\my_study\cby_projects\sample\main.cpp(42): error C2923: 'CBYNode': 'CBYBitMap'은(는) 'T' 매개 변수에 대한 올바른 템플릿 형식 인수가 아닙니다.
c:\users\cby01\onedrive\desktop\c++\my_study\cby_projects\sample\main.cpp(43): error C2065: 'CBYBitMap': 선언되지 않은 식별자입니다.
c:\users\cby01\onedrive\desktop\c++\my_study\cby_projects\sample\main.cpp(43): error C2923: 'CBYNode': 'CBYBitMap'은(는) 'T' 매개 변수에 대한 올바른 템플릿 형식 인수가 아닙니다.
c:\users\cby01\onedrive\desktop\c++\my_study\cby_projects\sample\main.cpp(67): error C2065: 'CBYBitMap': 선언되지 않은 식별자입니다.
c:\users\cby01\onedrive\desktop\c++\my_study\cby_projects\sample\main.cpp(67): error C2923: 'CBYNode': 'CBYBitMap'은(는) 'T' 매개 변수에 대한 올바른 템플릿 형식 인수가 아닙니다.
c:\users\cby01\onedrive\desktop\c++\my_study\cby_projects\sample\main.cpp(67): error C2512: 'CBYNode': 사용할 수 있는 적절한 기본 생성자가 없습니다.
c:\users\cby01\onedrive\desktop\c++\my_study\cby_projects\sample\main.cpp(68): error C2065: 'CBYBitMap': 선언되지 않은 식별자입니다.
c:\users\cby01\onedrive\desktop\c++\my_study\cby_projects\sample\main.cpp(68): error C2923: 'CBYNode': 'CBYBitMap'은(는) 'T' 매개 변수에 대한 올바른 템플릿 형식 인수가 아닙니다.
c:\users\cby01\onedrive\desktop\c++\my_study\cby_projects\sample\main.cpp(68): error C2512: 'CBYNode': 사용할 수 있는 적절한 기본 생성자가 없습니다.
c:\users\cby01\onedrive\desktop\c++\my_study\cby_projects\sample\main.cpp(69): error C2065: 'CBYBitMap': 선언되지 않은 식별자입니다.
c:\users\cby01\onedrive\desktop\c++\my_study\cby_projects\sample\main.cpp(69): error C2923: 'CBYNode': 'CBYBitMap'은(는) 'T' 매개 변수에 대한 올바른 템플릿 형식 인수가 아닙니다.
c:\users\cby01\onedrive\desktop\c++\my_study\cby_projects\sample\main.cpp(69): error C2512: 'CBYNode': 사용할 수 있는 적절한 기본 생성자가 없습니다.
c:\users\cby01\onedrive\desktop\c++\my_study\cby_projects\sample\main.cpp(80): error C2065: 'EffectNode': 선언되지 않은 식별자입니다.
c:\users\cby01\onedrive\desktop\c++\my_study\cby_projects\sample\main.cpp(86): error C2065: 'EffectLink': 선언되지 않은 식별자입니다.
c:\users\cby01\onedrive\desktop\c++\my_study\cby_projects\sample\main.cpp(88): error C2065: 'EffectNode': 선언되지 않은 식별자입니다.
c:\users\cby01\onedrive\desktop\c++\my_study\cby_projects\sample\main.cpp(93): error C2065: 'EffectLink2': 선언되지 않은 식별자입니다.
c:\users\cby01\onedrive\desktop\c++\my_study\cby_projects\sample\main.cpp(95): warning C4244: '=': 'float'에서 'LONG'(으)로 변환하면서 데이터가 손실될 수 있습니다.
c:\users\cby01\onedrive\desktop\c++\my_study\cby_projects\sample\main.cpp(96): warning C4244: '=': 'float'에서 'LONG'(으)로 변환하면서 데이터가 손실될 수 있습니다.
c:\users\cby01\onedrive\desktop\c++\my_study\cby_projects\sample\main.cpp(109): warning C4244: '=': 'LONG'에서 'float'(으)로 변환하면서 데이터가 손실될 수 있습니다.
c:\users\cby01\onedrive\desktop\c++\my_study\cby_projects\sample\main.cpp(117): warning C4244: '=': 'LONG'에서 'float'(으)로 변환하면서 데이터가 손실될 수 있습니다.
c:\users\cby01\onedrive\desktop\c++\my_study\cby_projects\sample\main.cpp(124): error C2039: 'Weapon': 'CBY_Input'의 멤버가 아닙니다.
  c:\users\cby01\onedrive\desktop\c++\my_study\include\cby_input.h(3): note: 'CBY_Input' 선언을 참조하십시오.
c:\users\cby01\onedrive\desktop\c++\my_study\cby_projects\sample\main.cpp(127): error C2065: 'weaponNode': 선언되지 않은 식별자입니다.
c:\users\cby01\onedrive\desktop\c++\my_study\cby_projects\sample\main.cpp(129): warning C4244: '=': 'float'에서 'LONG'(으)로 변환하면서 데이터가 손실될 수 있습니다.
c:\users\cby01\onedrive\desktop\c++\my_study\cby_projects\sample\main.cpp(131): warning C4244: '=': 'float'에서 'LONG'(으)로 변환하면서 데이터가 손실될 수 있습니다.
c:\users\cby01\onedrive\desktop\c++\my_study\cby_projects\sample\main.cpp(134): error C2065: 'weaponLink': 선언되지 않은 식별자입니다.
c:\users\cby01\onedrive\desktop\c++\my_study\cby_projects\sample\main.cpp(151): error C2065: 'weaponLink': 선언되지 않은 식별자입니다.
c:\users\cby01\onedrive\desktop\c++\my_study\cby_projects\sample\main.cpp(154): error C2065: 'weaponLink': 선언되지 않은 식별자입니다.
c:\users\cby01\onedrive\desktop\c++\my_study\cby_projects\sample\main.cpp(161): error C2065: 'weaponNode': 선언되지 않은 식별자입니다.
c:\users\cby01\onedrive\desktop\c++\my_study\cby_projects\sample\main.cpp(164): error C2660: 'Sample::intersection': 함수는 1개의 매개 변수를 사용하지 않습니다.
  c:\users\cby01\onedrive\desktop\c++\my_study\cby_projects\sample\main.cpp(13): note: 'Sample::intersection' 선언을 참조하십시오.
c:\users\cby01\onedrive\desktop\c++\my_study\cby_projects\sample\main.cpp(168): error C2065: 'weaponNode': 선언되지 않은 식별자입니다.
c:\users\cby01\onedrive\desktop\c++\my_study\cby_projects\sample\main.cpp(171): error C2440: '=': 'CBYNode<T> *'에서 'CBYNode *'(으)로 변환할 수 없습니다.
  c:\users\cby01\onedrive\desktop\c++\my_study\cby_projects\sample\main.cpp(171): note: 가리킨 형식이 관련이 없습니다. 변환하려면 reinterpret_cast, C 스타일 캐스트 또는 함수 스타일 캐스트가 필요합니다.
c:\users\cby01\onedrive\desktop\c++\my_study\cby_projects\sample\main.cpp(292): error C2065: 'EffectLink': 선언되지 않은 식별자입니다.
c:\users\cby01\onedrive\desktop\c++\my_study\cby_projects\sample\main.cpp(297): error C2440: '=': 'CBYNode<T> *'에서 'CBYNode *'(으)로 변환할 수 없습니다.
  c:\users\cby01\onedrive\desktop\c++\my_study\cby_projects\sample\main.cpp(297): note: 가리킨 형식이 관련이 없습니다. 변환하려면 reinterpret_cast, C 스타일 캐스트 또는 함수 스타일 캐스트가 필요합니다.
c:\users\cby01\onedrive\desktop\c++\my_study\cby_projects\sample\main.cpp(305): error C2440: '=': 'CBYNode<T> *'에서 'CBYNode *'(으)로 변환할 수 없습니다.
  c:\users\cby01\onedrive\desktop\c++\my_study\cby_projects\sample\main.cpp(305): note: 가리킨 형식이 관련이 없습니다. 변환하려면 reinterpret_cast, C 스타일 캐스트 또는 함수 스타일 캐스트가 필요합니다.
c:\users\cby01\onedrive\desktop\c++\my_study\cby_projects\sample\main.cpp(313): error C2440: '=': 'CBYNode<T> *'에서 'CBYNode *'(으)로 변환할 수 없습니다.
  c:\users\cby01\onedrive\desktop\c++\my_study\cby_projects\sample\main.cpp(313): note: 가리킨 형식이 관련이 없습니다. 변환하려면 reinterpret_cast, C 스타일 캐스트 또는 함수 스타일 캐스트가 필요합니다.
c:\users\cby01\onedrive\desktop\c++\my_study\cby_projects\sample\main.cpp(321): error C2440: '=': 'CBYNode<T> *'에서 'CBYNode *'(으)로 변환할 수 없습니다.
  c:\users\cby01\onedrive\desktop\c++\my_study\cby_projects\sample\main.cpp(321): note: 가리킨 형식이 관련이 없습니다. 변환하려면 reinterpret_cast, C 스타일 캐스트 또는 함수 스타일 캐스트가 필요합니다.
c:\users\cby01\onedrive\desktop\c++\my_study\cby_projects\sample\main.cpp(329): error C2440: '=': 'CBYNode<T> *'에서 'CBYNode *'(으)로 변환할 수 없습니다.
  c:\users\cby01\onedrive\desktop\c++\my_study\cby_projects\sample\main.cpp(329): note: 가리킨 형식이 관련이 없습니다. 변환하려면 reinterpret_cast, C 스타일 캐스트 또는 함수 스타일 캐스트가 필요합니다.
c:\users\cby01\onedrive\desktop\c++\my_study\cby_projects\sample\main.cpp(337): error C2440: '=': 'CBYNode<T> *'에서 'CBYNode *'(으)로 변환할 수 없습니다.
  c:\users\cby01\onedrive\desktop\c++\my_study\cby_projects\sample\main.cpp(337): note: 가리킨 형식이 관련이 없습니다. 변환하려면 reinterpret_cast, C 스타일 캐스트 또는 함수 스타일 캐스트가 필요합니다.
c:\users\cby01\onedrive\desktop\c++\my_study\cby_projects\sample\main.cpp(345): error C2440: '=': 'CBYNode<T> *'에서 'CBYNode *'(으)로 변환할 수 없습니다.
  c:\users\cby01\onedrive\desktop\c++\my_study\cby_projects\sample\main.cpp(345): note: 가리킨 형식이 관련이 없습니다. 변환하려면 reinterpret_cast, C 스타일 캐스트 또는 함수 스타일 캐스트가 필요합니다.
c:\users\cby01\onedrive\desktop\c++\my_study\cby_projects\sample\main.cpp(353): error C2440: '=': 'CBYNode<T> *'에서 'CBYNode *'(으)로 변환할 수 없습니다.
  c:\users\cby01\onedrive\desktop\c++\my_study\cby_projects\sample\main.cpp(353): note: 가리킨 형식이 관련이 없습니다. 변환하려면 reinterpret_cast, C 스타일 캐스트 또는 함수 스타일 캐스트가 필요합니다.
c:\users\cby01\onedrive\desktop\c++\my_study\cby_projects\sample\main.cpp(361): error C2440: '=': 'CBYNode<T> *'에서 'CBYNode *'(으)로 변환할 수 없습니다.
  c:\users\cby01\onedrive\desktop\c++\my_study\cby_projects\sample\main.cpp(361): note: 가리킨 형식이 관련이 없습니다. 변환하려면 reinterpret_cast, C 스타일 캐스트 또는 함수 스타일 캐스트가 필요합니다.
c:\users\cby01\onedrive\desktop\c++\my_study\cby_projects\sample\main.cpp(368): error C2065: 'EffectLink2': 선언되지 않은 식별자입니다.
c:\users\cby01\onedrive\desktop\c++\my_study\cby_projects\sample\main.cpp(373): error C2440: '=': 'CBYNode<T> *'에서 'CBYNode *'(으)로 변환할 수 없습니다.
  c:\users\cby01\onedrive\desktop\c++\my_study\cby_projects\sample\main.cpp(373): note: 가리킨 형식이 관련이 없습니다. 변환하려면 reinterpret_cast, C 스타일 캐스트 또는 함수 스타일 캐스트가 필요합니다.
c:\users\cby01\onedrive\desktop\c++\my_study\cby_projects\sample\main.cpp(381): error C2440: '=': 'CBYNode<T> *'에서 'CBYNode *'(으)로 변환할 수 없습니다.
  c:\users\cby01\onedrive\desktop\c++\my_study\cby_projects\sample\main.cpp(381): note: 가리킨 형식이 관련이 없습니다. 변환하려면 reinterpret_cast, C 스타일 캐스트 또는 함수 스타일 캐스트가 필요합니다.
c:\users\cby01\onedrive\desktop\c++\my_study\cby_projects\sample\main.cpp(389): error C2440: '=': 'CBYNode<T> *'에서 'CBYNode *'(으)로 변환할 수 없습니다.
  c:\users\cby01\onedrive\desktop\c++\my_study\cby_projects\sample\main.cpp(389): note: 가리킨 형식이 관련이 없습니다. 변환하려면 reinterpret_cast, C 스타일 캐스트 또는 함수 스타일 캐스트가 필요합니다.
c:\users\cby01\onedrive\desktop\c++\my_study\cby_projects\sample\main.cpp(397): error C2440: '=': 'CBYNode<T> *'에서 'CBYNode *'(으)로 변환할 수 없습니다.
  c:\users\cby01\onedrive\desktop\c++\my_study\cby_projects\sample\main.cpp(397): note: 가리킨 형식이 관련이 없습니다. 변환하려면 reinterpret_cast, C 스타일 캐스트 또는 함수 스타일 캐스트가 필요합니다.
c:\users\cby01\onedrive\desktop\c++\my_study\cby_projects\sample\main.cpp(405): error C2440: '=': 'CBYNode<T> *'에서 'CBYNode *'(으)로 변환할 수 없습니다.
  c:\users\cby01\onedrive\desktop\c++\my_study\cby_projects\sample\main.cpp(405): note: 가리킨 형식이 관련이 없습니다. 변환하려면 reinterpret_cast, C 스타일 캐스트 또는 함수 스타일 캐스트가 필요합니다.
c:\users\cby01\onedrive\desktop\c++\my_study\cby_projects\sample\main.cpp(413): error C2440: '=': 'CBYNode<T> *'에서 'CBYNode *'(으)로 변환할 수 없습니다.
  c:\users\cby01\onedrive\desktop\c++\my_study\cby_projects\sample\main.cpp(413): note: 가리킨 형식이 관련이 없습니다. 변환하려면 reinterpret_cast, C 스타일 캐스트 또는 함수 스타일 캐스트가 필요합니다.
c:\users\cby01\onedrive\desktop\c++\my_study\cby_projects\sample\main.cpp(421): error C2440: '=': 'CBYNode<T> *'에서 'CBYNode *'(으)로 변환할 수 없습니다.
  c:\users\cby01\onedrive\desktop\c++\my_study\cby_projects\sample\main.cpp(421): note: 가리킨 형식이 관련이 없습니다. 변환하려면 reinterpret_cast, C 스타일 캐스트 또는 함수 스타일 캐스트가 필요합니다.
c:\users\cby01\onedrive\desktop\c++\my_study\cby_projects\sample\main.cpp(429): error C2440: '=': 'CBYNode<T> *'에서 'CBYNode *'(으)로 변환할 수 없습니다.
  c:\users\cby01\onedrive\desktop\c++\my_study\cby_projects\sample\main.cpp(429): note: 가리킨 형식이 관련이 없습니다. 변환하려면 reinterpret_cast, C 스타일 캐스트 또는 함수 스타일 캐스트가 필요합니다.
c:\users\cby01\onedrive\desktop\c++\my_study\cby_projects\sample\main.cpp(437): error C2440: '=': 'CBYNode<T> *'에서 'CBYNode *'(으)로 변환할 수 없습니다.
  c:\users\cby01\onedrive\desktop\c++\my_study\cby_projects\sample\main.cpp(437): note: 가리킨 형식이 관련이 없습니다. 변환하려면 reinterpret_cast, C 스타일 캐스트 또는 함수 스타일 캐스트가 필요합니다.
