d:\용\my_study\my_study\output\debug\cbylib\cbylib.pdb
d:\용\my_study\my_study\output\debug\cbylib\cbylib.idb
d:\용\my_study\my_study\output\debug\cbylib\weapon.obj
d:\용\my_study\my_study\output\debug\cbylib\health.obj
d:\용\my_study\my_study\output\debug\cbylib\effect.obj
d:\용\my_study\my_study\output\debug\cbylib\c_object.obj
d:\용\my_study\my_study\output\debug\cbylib\c_intersection.obj
d:\용\my_study\my_study\output\debug\cbylib\c_bitmapmanager.obj
d:\용\my_study\my_study\output\debug\cbylib\c_actor.obj
d:\용\my_study\my_study\output\debug\cbylib\char.obj
d:\용\my_study\my_study\output\debug\cbylib\cbynode.obj
d:\용\my_study\my_study\output\debug\cbylib\cbylinklist.obj
d:\용\my_study\my_study\output\debug\cbylib\c_bitmap.obj
d:\용\my_study\my_study\output\debug\cbylib\background.obj
d:\용\my_study\my_study\output\debug\cbylib\ctime.obj
d:\용\my_study\my_study\output\debug\cbylib\cby_input.obj
d:\용\my_study\my_study\output\debug\cbylib\cbywindow.obj
d:\용\my_study\my_study\output\debug\cbylib\cbycore.obj
d:\용\my_study\my_study\output\debug\cbylib\monster.obj
d:\새 폴더\my_study\output\debug\cbylib\cbylib.pdb
d:\새 폴더\my_study\output\debug\cbylib\cbylib.idb
d:\새 폴더\my_study\output\debug\cbylib\weapon.obj
d:\새 폴더\my_study\output\debug\cbylib\monster.obj
d:\새 폴더\my_study\output\debug\cbylib\health.obj
d:\새 폴더\my_study\output\debug\cbylib\effect.obj
d:\새 폴더\my_study\output\debug\cbylib\c_object.obj
d:\새 폴더\my_study\output\debug\cbylib\c_intersection.obj
d:\새 폴더\my_study\output\debug\cbylib\c_bitmapmanager.obj
d:\새 폴더\my_study\output\debug\cbylib\c_actor.obj
d:\새 폴더\my_study\output\debug\cbylib\ctime.obj
d:\새 폴더\my_study\output\debug\cbylib\char.obj
d:\새 폴더\my_study\output\debug\cbylib\cby_input.obj
d:\새 폴더\my_study\output\debug\cbylib\cbywindow.obj
d:\새 폴더\my_study\output\debug\cbylib\cbynode.obj
d:\새 폴더\my_study\output\debug\cbylib\cbylinklist.obj
d:\새 폴더\my_study\output\debug\cbylib\cbycore.obj
d:\새 폴더\my_study\output\debug\cbylib\c_bitmap.obj
d:\새 폴더\my_study\output\debug\cbylib\background.obj
d:\용\my_study\my_study\cby_projects\cbylib\cbylib_d.lib
d:\새 폴더\my_study\cby_projects\cbylib\cbylib_d.lib
d:\새 폴더\my_study\output\debug\cbylib\c_actor.obj.enc
d:\새 폴더\my_study\output\debug\cbylib\cbylib.tlog\cl.command.1.tlog
d:\새 폴더\my_study\output\debug\cbylib\cbylib.tlog\cl.read.1.tlog
d:\새 폴더\my_study\output\debug\cbylib\cbylib.tlog\cl.write.1.tlog
d:\새 폴더\my_study\output\debug\cbylib\cbylib.tlog\lib-link.read.1.tlog
d:\새 폴더\my_study\output\debug\cbylib\cbylib.tlog\lib-link.write.1.tlog
d:\새 폴더\my_study\output\debug\cbylib\cbylib.tlog\lib.command.1.tlog
