  C_SoundManager.cpp
d:\새 폴더\my_study\cby_projects\cbylib\c_soundmanager.cpp(30): warning C4804: '>=': 연산에 'bool' 형식을 사용하는 것은 안전하지 않습니다.
C:\Program Files (x86)\Microsoft Visual Studio\2017\Professional\Common7\IDE\VC\VCTargets\Microsoft.CppBuild.targets(1397,5): warning MSB8012: TargetPath(D:\새 폴더\My_Study\CBY_Projects\CBYLib\../../output/Debug/CBYLib.lib)이(가) Library의 OutputFile 속성 값(D:\새 폴더\My_Study\CBY_Projects\CBYLib\CBYLib_d.lib)과 일치하지 않습니다. 이로 인해 프로젝트가 잘못 빌드될 수 있습니다. 이를 수정하려면 $(OutDir), $(TargetName) 및 $(TargetExt) 속성 값이 %(Lib.OutputFile)에 지정된 값과 일치해야 합니다.
C:\Program Files (x86)\Microsoft Visual Studio\2017\Professional\Common7\IDE\VC\VCTargets\Microsoft.CppBuild.targets(1399,5): warning MSB8012: TargetName(CBYLib)이(가) Library의 OutputFile 속성 값(CBYLib_d)과 일치하지 않습니다. 이로 인해 프로젝트가 잘못 빌드될 수 있습니다. 이를 수정하려면 $(OutDir), $(TargetName) 및 $(TargetExt) 속성 값이 %(Lib.OutputFile)에 지정된 값과 일치해야 합니다.
CBYNode.obj : warning LNK4221: 이 개체 파일은 이전에 정의되지 않은 공용 기호를 정의하지 않으므로 이 라이브러리를 사용하는 어떠한 링크 작업에도 사용되지 않습니다.
CBYLinkList.obj : warning LNK4221: 이 개체 파일은 이전에 정의되지 않은 공용 기호를 정의하지 않으므로 이 라이브러리를 사용하는 어떠한 링크 작업에도 사용되지 않습니다.
  CBYLib.vcxproj -> D:\새 폴더\My_Study\CBY_Projects\CBYLib\../../output/Debug/CBYLib.lib
  BackGround.h
  CBYBitMap.h
  CBYCore.h
  CBYLinkList.h
  CBYNode.h
  CBYWindow.h
  CBY_Input.h
  Char.h
  Cstd.h
  CStd_ex.h
  CTime.h
  C_Actor.h
  C_BitMap.h
  C_BitMapManager.h
  C_Intersection.h
  C_Object.h
  C_Sound.h
  C_SoundManager.h
  Effect.h
  Health.h
  Monster.h
  SmapleStu.h
  Weapon.h
         23개 파일이 복사되었습니다.
  CBYLib.lib
  CBYLib_d.lib
  fmod_vc.lib
          3개 파일이 복사되었습니다.
