d:\수정\my_study (3)\my_study\output\debug\c_netlib\c_netlib.pdb
d:\수정\my_study (3)\my_study\output\debug\c_netlib\c_netlib.idb
d:\수정\my_study (3)\my_study\output\debug\c_netlib\c_network.obj
d:\수정\my_study (3)\my_study\output\debug\c_netlib\c_client.obj
d:\수정\my_study (3)\my_study\output\debug\c_netlib\c_server.obj
d:\수정\my_study (3)\my_study\output\debug\c_netlib\c_user.obj
d:\수정\my_study (3)\my_study\output\debug\c_netlib\c_thread.obj
d:\수정\my_study (3)\my_study\output\debug\c_netlib\c_netbase.obj
d:\수정\my_study (3)\my_study\output\debug\c_netlib\c_lock.obj
d:\yong_github\c_yong\my_study\output\debug\c_netlib\c_netlib.pdb
d:\yong_github\c_yong\my_study\output\debug\c_netlib\c_netlib.idb
d:\yong_github\c_yong\my_study\output\debug\c_netlib\c_user.obj
d:\yong_github\c_yong\my_study\output\debug\c_netlib\c_thread.obj
d:\yong_github\c_yong\my_study\output\debug\c_netlib\c_server.obj
d:\yong_github\c_yong\my_study\output\debug\c_netlib\c_network.obj
d:\yong_github\c_yong\my_study\output\debug\c_netlib\c_netbase.obj
d:\yong_github\c_yong\my_study\output\debug\c_netlib\c_lock.obj
d:\yong_github\c_yong\my_study\output\debug\c_netlib\c_client.obj
d:\수정\my_study (3)\my_study\cby_projects\c_netlib\c_netlib_d.lib
d:\yong_github\c_yong\my_study\cby_projects\c_netlib\c_netlib_d.lib
d:\yong_github\c_yong\my_study\output\debug\c_netlib\c_user.obj.enc
d:\yong_github\c_yong\my_study\output\debug\c_netlib\c_netlib.tlog\cl.command.1.tlog
d:\yong_github\c_yong\my_study\output\debug\c_netlib\c_netlib.tlog\cl.read.1.tlog
d:\yong_github\c_yong\my_study\output\debug\c_netlib\c_netlib.tlog\cl.write.1.tlog
d:\yong_github\c_yong\my_study\output\debug\c_netlib\c_netlib.tlog\lib-link.read.1.tlog
d:\yong_github\c_yong\my_study\output\debug\c_netlib\c_netlib.tlog\lib-link.write.1.tlog
d:\yong_github\c_yong\my_study\output\debug\c_netlib\c_netlib.tlog\lib.command.1.tlog
