d:\용\my_study\cby_projects\win\x64\debug\win.pch
d:\용\my_study\cby_projects\win\x64\debug\vc141.pdb
d:\용\my_study\cby_projects\win\x64\debug\vc141.idb
d:\용\my_study\cby_projects\win\x64\debug\stdafx.obj
d:\용\my_study\cby_projects\win\x64\debug\win.obj
d:\용\my_study\cby_projects\x64\debug\win.exe
d:\용\my_study\cby_projects\x64\debug\win.ilk
d:\용\my_study\cby_projects\x64\debug\win.pdb
d:\용\my_study\cby_projects\win\x64\debug\win.res
d:\c 1320044\my_study (1)\my_study\cby_projects\win\x64\debug\stdafx.obj
d:\c 1320044\my_study (1)\my_study\cby_projects\win\x64\debug\win.obj
d:\c 1320044\my_study (1)\my_study\cby_projects\win\x64\debug\win.res
d:\c 1320044\my_study (1)\my_study\cby_projects\win\x64\debug\win.pch
d:\c 1320044\my_study (1)\my_study\cby_projects\win\x64\debug\vc141.idb
d:\c 1320044\my_study (1)\my_study\cby_projects\win\x64\debug\vc141.pdb
d:\c 1320044\my_study (1)\my_study\cby_projects\x64\debug\win.pdb
d:\c 1320044\my_study (1)\my_study\cby_projects\x64\debug\win.exe
d:\c 1320044\my_study (1)\my_study\cby_projects\x64\debug\win.ilk
d:\c 1320044\my_study (1)\my_study\cby_projects\win\x64\debug\win.tlog\cl.command.1.tlog
d:\c 1320044\my_study (1)\my_study\cby_projects\win\x64\debug\win.tlog\cl.read.1.tlog
d:\c 1320044\my_study (1)\my_study\cby_projects\win\x64\debug\win.tlog\cl.write.1.tlog
d:\c 1320044\my_study (1)\my_study\cby_projects\win\x64\debug\win.tlog\link.command.1.tlog
d:\c 1320044\my_study (1)\my_study\cby_projects\win\x64\debug\win.tlog\link.read.1.tlog
d:\c 1320044\my_study (1)\my_study\cby_projects\win\x64\debug\win.tlog\link.write.1.tlog
d:\c 1320044\my_study (1)\my_study\cby_projects\win\x64\debug\win.tlog\rc.command.1.tlog
d:\c 1320044\my_study (1)\my_study\cby_projects\win\x64\debug\win.tlog\rc.read.1.tlog
d:\c 1320044\my_study (1)\my_study\cby_projects\win\x64\debug\win.tlog\rc.write.1.tlog
