d:\용\my_study\output\cby_projects\vc141.pdb
d:\용\my_study\output\cby_projects\vc141.idb
d:\용\my_study\output\cby_projects\ex.obj
d:\c 1320044\my_study (1)\my_study\output\cby_projects\vc141.pdb
d:\c 1320044\my_study (1)\my_study\output\cby_projects\vc141.idb
d:\c 1320044\my_study (1)\my_study\output\cby_projects\ex.obj
d:\용\my_study\output\cby_projects.ilk
d:\용\my_study\output\cby_projects.exe
d:\용\my_study\output\cby_projects.pdb
d:\c 1320044\my_study (1)\my_study\output\cby_projects.exe
d:\c 1320044\my_study (1)\my_study\output\cby_projects.ilk
d:\c 1320044\my_study (1)\my_study\output\cby_projects.pdb
d:\c 1320044\my_study (1)\my_study\output\cby_projects\../../output/cby_projects.pdb
d:\c 1320044\my_study (1)\my_study\cby_projects\cby_projects\../../output/cby_projects.exe
d:\c 1320044\my_study (1)\my_study\output\cby_projects\../../output/cby_projects.ilk
d:\c 1320044\my_study (1)\my_study\output\cby_projects\cby_projects.tlog\cl.command.1.tlog
d:\c 1320044\my_study (1)\my_study\output\cby_projects\cby_projects.tlog\cl.read.1.tlog
d:\c 1320044\my_study (1)\my_study\output\cby_projects\cby_projects.tlog\cl.write.1.tlog
d:\c 1320044\my_study (1)\my_study\output\cby_projects\cby_projects.tlog\link.command.1.tlog
d:\c 1320044\my_study (1)\my_study\output\cby_projects\cby_projects.tlog\link.read.1.tlog
d:\c 1320044\my_study (1)\my_study\output\cby_projects\cby_projects.tlog\link.write.1.tlog
