d:\c 1320044\my_study (1)\my_study\output\debug\maskbit\vc141.pdb
d:\c 1320044\my_study (1)\my_study\output\debug\maskbit\vc141.idb
d:\c 1320044\my_study (1)\my_study\output\debug\maskbit\weapon.obj
d:\c 1320044\my_study (1)\my_study\output\debug\maskbit\monster.obj
d:\c 1320044\my_study (1)\my_study\output\debug\maskbit\effect.obj
d:\c 1320044\my_study (1)\my_study\output\debug\maskbit\char.obj
d:\c 1320044\my_study (1)\my_study\output\debug\maskbit\c_object.obj
d:\c 1320044\my_study (1)\my_study\output\debug\maskbit\background.obj
d:\c 1320044\my_study (1)\my_study\output\debug\maskbit\main.obj
d:\c 1320044\my_study (1)\my_study\output\debug\maskbit\bitmap.obj
d:\c 1320044\my_study (1)\my_study\output\debug\maskbit\maskbitmap.obj
d:\c 1320044\my_study (1)\my_study\output\debug\maskbit\health.obj
d:\c 1320044\my_study (1)\my_study\output\debug\maskbit\c_sound.obj
d:\c 1320044\my_study (1)\my_study\output\debug\maskbit.ilk
d:\c 1320044\my_study (1)\my_study\output\debug\maskbit.exe
d:\c 1320044\my_study (1)\my_study\output\debug\maskbit.pdb
d:\c 1320044\my_study (1)\my_study\cby_projects\maskbit\../../output/debug/maskbit.exe
d:\c 1320044\my_study (1)\my_study\output\debug\maskbit\maskbit.tlog\cl.command.1.tlog
d:\c 1320044\my_study (1)\my_study\output\debug\maskbit\maskbit.tlog\cl.read.1.tlog
d:\c 1320044\my_study (1)\my_study\output\debug\maskbit\maskbit.tlog\cl.write.1.tlog
d:\c 1320044\my_study (1)\my_study\output\debug\maskbit\maskbit.tlog\link.command.1.tlog
d:\c 1320044\my_study (1)\my_study\output\debug\maskbit\maskbit.tlog\link.read.1.tlog
d:\c 1320044\my_study (1)\my_study\output\debug\maskbit\maskbit.tlog\link.write.1.tlog
